<?xml version="1.0" encoding="UTF-8"?>
<testsuite xmlns:xsi="http://www.w3.org/2001/XMLSchema-instance" xsi:noNamespaceSchemaLocation="https://maven.apache.org/surefire/maven-surefire-plugin/xsd/surefire-test-report-3.0.xsd" version="3.0" name="com.prx.commons.services.loggers.LoggingServiceTest" time="0.022" tests="5" errors="0" skipped="0" failures="0">
  <properties>
[...]
</properties>
  <testcase name="displayRequestWithNullBody" classname="com.prx.commons.services.loggers.LoggingServiceTest" time="0.012"/>
  <testcase name="displayResponseWithNullRequestAndResponse" classname="com.prx.commons.services.loggers.LoggingServiceTest" time="0.002"/>
  <testcase name="displayResponseWithNullBody" classname="com.prx.commons.services.loggers.LoggingServiceTest" time="0.001"/>
  <testcase name="displayRequestWithValidInputs" classname="com.prx.commons.services.loggers.LoggingServiceTest" time="0.001"/>
  <testcase name="displayResponseWithValidInputs" classname="com.prx.commons.services.loggers.LoggingServiceTest" time="0.001"/>
</testsuite>